root:CRITICAL:2023-07-31 12:47:12,523:CRITICAL message
root:WARNING:2023-07-31 12:47:12,524:WARNING message
root:WARNING:2023-07-31 12:47:12,524:WARNING message
root:WARNING:2023-07-31 12:47:12,524:WARNING message
root:CRITICAL:2023-07-31 12:47:12,524:CRITICAL message
root:CRITICAL:2023-07-31 12:47:12,524:CRITICAL message
root:WARNING:2023-07-31 12:47:12,524:WARNING message
root:WARNING:2023-07-31 12:47:12,524:WARNING message
root:WARNING:2023-07-31 12:47:12,524:WARNING message
root:WARNING:2023-07-31 12:47:12,524:WARNING message
root:WARNING:2023-07-31 12:47:12,524:WARNING message
root:WARNING:2023-07-31 12:47:12,524:WARNING message
root:WARNING:2023-07-31 12:47:12,524:WARNING message
root:CRITICAL:2023-07-31 12:47:12,524:CRITICAL message
root:WARNING:2023-07-31 12:47:12,524:WARNING message
root:WARNING:2023-07-3root:CRITICAL:2023-07-31 12:47:12,524:CRITICAL message
root:CRITICAL:2023-07-31 12:47:12,524:CRITICAL message
root:CRITICAL:2023-07-31 12:47:12,524:CRITICAL message
root:CRITICAL:2023-07-31 12:47:12,524:CRITICAL message
root:CRITICAL:2023-07-31 12:47:12,525:CRITICAL message
,524:WARNING message
root:WARNING:2023-07-31 12:47:12,524:WARNING message
root:WARNING:2023-07-31 12:47:12,524:WARNING message
root:CRITICAL:2023-07-31 12:47:12,524:CRITICAL message
root:WARNING:2023-07-31 12:47:12,524:WARNING message
root:WARNING:2023-07-31 12:47:12,524:WARNING message
root:WARNING:2023-07-31 12:47:12,524:WARNING message
root:WARNING:2023-07-31 12:47:12,524:WARNING message
root:WARNING:2023-07-31 12:47:12,524:WARNING message
root:WARNING:2023-07-31 12:47:12,524:WARNING message
root:WARNING:2023-07-31 12:47:12,524:WARNING message
root:WARNING:2023-07-31 12:47:12,524:WARNING messageroot:CRITICAL:2023-07-31 12:47:12,524:CRITICAL message
root:CRITICAL:2023-07-31 12:47:12,524:CRITICAL message
root:CRITICAL:2023-07-31 12:47:12,524:CRITICAL message
root:CRITICAL:2023-07-31 12:47:12,525:CRITICAL message
ARNING:2023-07-31 12:47:12,524:WARNING message
root:WARNING:2023-07-31 12:47:12,524:WARNING message
root:WARNING:2023-07-31 12:47:12,524:WARNING message
root:WARNING:2023-07-31 12:47:12,524:WARNING message
root:WARNING:2023-07-31 12:47:12,524:WARNING message
root:CRITICAL:2023-07-31 12:47:12,524:CRITICAL message
root:WARNING:2023-07-31 12:47:12,524:WARNING message
root:WARNING:2023-07-31 12:47:12,524:WARNING message
root:CRITICAL:2023-07-31 12:47:12,524:CRITICAL message
root:CRITICAL:2023-07-31 12:47:12,524:CRITICAL message
root:WARNING:2023-07-31 12:47:12,525:WARNING message
root:WARNING:2023-07-31 12:47:12,525:WARNING message
root:CRITICAL:2023-07-31 12:47:12,525:CRITICAL message
root:WARNING:2023-07-31 12:47:12,525:WARNING message
root:WARNING:2023-07-31 12:47:12,525:WARNING message
root:WARNING:2023-07-31 12:47:12,525:WARNING message
root:WARNING:2023-07-31 12:47:12,525:WARNING message
root:WARNING:2023-07-31 12:47:12,525:WARNING message
root:WARNING:2023-07-31 12:47:12,525:WARNING message
root:WARNING:2023-07-31 12:47:12,525:WARNING message
root:WARNING:2023-07-31 12:47:12,525:WARNING message
root:WARNING:2023-07-31 12:47:12,525:WARNING message
root:WARNING:2023-07-31 12:47:12,525:WARNING message
root:WARNING:2023-07-31 12:47:12,525:WARNING message
